<?xml version="1.0" encoding="UTF-8"?>
<!-- Generated by org.testng.reporters.JUnitReportReporter -->
<testsuite skipped="0" hostname="NAG1-LHP-N06687" name="academy.titleValidation" tests="1" failures="0" timestamp="2020-04-04T19:56:03 IST" time="0.104" errors="0">
  <testcase name="basePageNavigation" time="0.104" classname="academy.titleValidation"/>
  <system-out/>
</testsuite> <!-- academy.titleValidation -->
