<?xml version="1.0" encoding="UTF-8"?>
<!-- Generated by org.testng.reporters.JUnitReportReporter -->
<testsuite skipped="0" hostname="NAG1-LHP-N06687" name="academy.HomePage" tests="2" failures="0" timestamp="2020-04-14T16:04:21 IST" time="63.482" errors="0">
  <testcase name="basePageNavigation" time="33.733" classname="academy.HomePage"/>
  <system-out/>
  <testcase name="basePageNavigation" time="29.749" classname="academy.HomePage"/>
  <system-out/>
</testsuite> <!-- academy.HomePage -->
