<?xml version="1.0" encoding="UTF-8"?>
<!-- Generated by org.testng.reporters.JUnitReportReporter -->
<testsuite hostname="NAG1-LHP-N06687" name="academy.HomePage" tests="2" failures="0" timestamp="4 Apr 2020 18:56:39 GMT" time="55.042" errors="0">
  <testcase name="basePageNavigation" time="32.312" classname="academy.HomePage"/>
  <testcase name="basePageNavigation" time="22.730" classname="academy.HomePage"/>
</testsuite> <!-- academy.HomePage -->
