<?xml version="1.0" encoding="UTF-8"?>
<!-- Generated by org.testng.reporters.JUnitReportReporter -->
<testsuite hostname="NAG1-LHP-N06687" name="academy.titleValidation" tests="1" failures="0" timestamp="4 Apr 2020 18:56:39 GMT" time="0.090" errors="0">
  <testcase name="basePageNavigation" time="0.090" classname="academy.titleValidation"/>
</testsuite> <!-- academy.titleValidation -->
